<?xml version="1.0" encoding="UTF-8" ?>
<testsuite errors="0" failures="0" hostname="dhcp430.proxy.umiacs.umd.edu" name="SampleTest" skipped="0" tests="1" time="0.055" timestamp="2014-05-21T17:55:48">
  <properties>
    <property name="file.encoding.pkg" value="sun.io"></property>
    <property name="ivy.retrieve.pattern.ivy.instance" value="/Users/jingwu/workspace/MapReduce-assignments/assignment2/lib/[artifact]-[revision](-[classifier]).[ext]"></property>
    <property name="java.vendor.url.ivy.instance" value="http://java.oracle.com/"></property>
    <property name="ivy.project.dir.ivy.instance" value="/Users/jingwu/workspace/MapReduce-assignments/assignment2"></property>
    <property name="ivy.resolve.default.type.filter" value="*"></property>
    <property name="java.home" value="/Library/Java/JavaVirtualMachines/jdk1.7.0_51.jdk/Contents/Home/jre"></property>
    <property name="ivy.configurations.ivy.instance" value="*"></property>
    <property name="ivy.basedir.ivy.instance" value="/Users/jingwu/workspace/MapReduce-assignments/assignment2"></property>
    <property name="ivy.dep.file.ivy.instance" value="ivy.xml"></property>
    <property name="java.endorsed.dirs" value="/Library/Java/JavaVirtualMachines/jdk1.7.0_51.jdk/Contents/Home/jre/lib/endorsed"></property>
    <property name="java.class.path.ivy.instance" value="/Users/jingwu/Software/apache-ant-1.9.4/lib/ant-launcher.jar:/Users/jingwu/Software/apache-ant-1.9.4/lib/ant-antlr.jar:/Users/jingwu/Software/apache-ant-1.9.4/lib/ant-apache-bcel.jar:/Users/jingwu/Software/apache-ant-1.9.4/lib/ant-apache-bsf.jar:/Users/jingwu/Software/apache-ant-1.9.4/lib/ant-apache-log4j.jar:/Users/jingwu/Software/apache-ant-1.9.4/lib/ant-apache-oro.jar:/Users/jingwu/Software/apache-ant-1.9.4/lib/ant-apache-regexp.jar:/Users/jingwu/Software/apache-ant-1.9.4/lib/ant-apache-resolver.jar:/Users/jingwu/Software/apache-ant-1.9.4/lib/ant-apache-xalan2.jar:/Users/jingwu/Software/apache-ant-1.9.4/lib/ant-commons-logging.jar:/Users/jingwu/Software/apache-ant-1.9.4/lib/ant-commons-net.jar:/Users/jingwu/Software/apache-ant-1.9.4/lib/ant-jai.jar:/Users/jingwu/Software/apache-ant-1.9.4/lib/ant-javamail.jar:/Users/jingwu/Software/apache-ant-1.9.4/lib/ant-jdepend.jar:/Users/jingwu/Software/apache-ant-1.9.4/lib/ant-jmf.jar:/Users/jingwu/Software/apache-ant-1.9.4/lib/ant-jsch.jar:/Users/jingwu/Software/apache-ant-1.9.4/lib/ant-junit.jar:/Users/jingwu/Software/apache-ant-1.9.4/lib/ant-junit4.jar:/Users/jingwu/Software/apache-ant-1.9.4/lib/ant-launcher.jar:/Users/jingwu/Software/apache-ant-1.9.4/lib/ant-netrexx.jar:/Users/jingwu/Software/apache-ant-1.9.4/lib/ant-swing.jar:/Users/jingwu/Software/apache-ant-1.9.4/lib/ant-testutil.jar:/Users/jingwu/Software/apache-ant-1.9.4/lib/ant.jar:/Library/Java/JavaVirtualMachines/jdk1.7.0_51.jdk/Contents/Home/lib/tools.jar"></property>
    <property name="ivy.home" value="/Users/jingwu/.ivy2"></property>
    <property name="src.dir" value="src"></property>
    <property name="ftp.nonProxyHosts.ivy.instance" value="local|*.local|169.254/16|*.169.254/16"></property>
    <property name="java.vm.specification.vendor.ivy.instance" value="Oracle Corporation"></property>
    <property name="sun.os.patch.level" value="unknown"></property>
    <property name="ivy.dep.file" value="/Users/jingwu/workspace/MapReduce-assignments/assignment2/ivy/ivy.xml"></property>
    <property name="java.vendor.url" value="http://java.oracle.com/"></property>
    <property name="ivy.lib.dir.ivy.instance" value="/Users/jingwu/workspace/MapReduce-assignments/assignment2/lib"></property>
    <property name="java.version" value="1.7.0_51"></property>
    <property name="ivy.conf.dir.ivy.instance" value="/Users/jingwu/workspace/MapReduce-assignments/assignment2/ivy"></property>
    <property name="sun.boot.library.path.ivy.instance" value="/Library/Java/JavaVirtualMachines/jdk1.7.0_51.jdk/Contents/Home/jre/lib"></property>
    <property name="ivy.report.output.pattern.ivy.instance" value="[organisation]-[module]-[conf].[ext]"></property>
    <property name="ivy.module" value="mapreduce-assignment"></property>
    <property name="ivy.publish.src.artifacts.pattern.ivy.instance" value="/Users/jingwu/workspace/MapReduce-assignments/assignment2/distrib/[type]s/[artifact]-[revision](-[classifier]).[ext]"></property>
    <property name="java.vendor.url.bug" value="http://bugreport.sun.com/bugreport/"></property>
    <property name="javadoc.dir" value="/Users/jingwu/workspace/MapReduce-assignments/assignment2/docs/api"></property>
    <property name="sun.management.compiler.ivy.instance" value="HotSpot 64-Bit Tiered Compilers"></property>
    <property name="ant.project.invoked-targets" value="test"></property>
    <property name="os.name.ivy.instance" value="Mac OS X"></property>
    <property name="ivy.default.ivy.user.dir.ivy.instance" value="/Users/jingwu/.ivy2"></property>
    <property name="ivy.default.always.check.exact.revision" value="false"></property>
    <property name="ivy.default.settings.dir.ivy.instance" value="jar:file:/Users/jingwu/workspace/MapReduce-assignments/assignment2/ivy/ivy.jar!/org/apache/ivy/core/settings"></property>
    <property name="user.name" value="jingwu"></property>
    <property name="sun.io.unicode.encoding" value="UnicodeBig"></property>
    <property name="sun.jnu.encoding" value="UTF-8"></property>
    <property name="java.runtime.name" value="Java(TM) SE Runtime Environment"></property>
    <property name="ant.home.ivy.instance" value="/Users/jingwu/Software/apache-ant-1.9.4"></property>
    <property name="file.encoding.ivy.instance" value="UTF-8"></property>
    <property name="ivy.cache.ttl.default.ivy.instance" value="10s"></property>
    <property name="ivy.conf.file.ivy.instance" value="/Users/jingwu/workspace/MapReduce-assignments/assignment2/ivy/ivysettings.xml"></property>
    <property name="java.specification.vendor.ivy.instance" value="Oracle Corporation"></property>
    <property name="java.vendor.ivy.instance" value="Oracle Corporation"></property>
    <property name="lib.dir" value="lib"></property>
    <property name="sun.cpu.isalist.ivy.instance" value=""></property>
    <property name="java.specification.name" value="Java Platform API Specification"></property>
    <property name="ftp.nonProxyHosts" value="local|*.local|169.254/16|*.169.254/16"></property>
    <property name="user.timezone" value=""></property>
    <property name="java.endorsed.dirs.ivy.instance" value="/Library/Java/JavaVirtualMachines/jdk1.7.0_51.jdk/Contents/Home/jre/lib/endorsed"></property>
    <property name="path.separator" value=":"></property>
    <property name="java.class.version.ivy.instance" value="51.0"></property>
    <property name="ivy.default.conf.dir" value="jar:file:/Users/jingwu/workspace/MapReduce-assignments/assignment2/ivy/ivy.jar!/org/apache/ivy/core/settings"></property>
    <property name="file.encoding" value="UTF-8"></property>
    <property name="java.runtime.name.ivy.instance" value="Java(TM) SE Runtime Environment"></property>
    <property name="ivy.resolve.default.type.filter.ivy.instance" value="*"></property>
    <property name="ant.project.default-target" value="scripts"></property>
    <property name="ivy.targets.copied" value="false"></property>
    <property name="sun.java.command" value="org.apache.tools.ant.taskdefs.optional.junit.JUnitTestRunner SampleTest skipNonTests=false filtertrace=true haltOnError=false haltOnFailure=false formatter=org.apache.tools.ant.taskdefs.optional.junit.SummaryJUnitResultFormatter showoutput=false outputtoformatters=true logfailedtests=true threadid=0 logtestlistenerevents=false formatter=org.apache.tools.ant.taskdefs.optional.junit.XMLJUnitResultFormatter,/Users/jingwu/workspace/MapReduce-assignments/assignment2/test/TEST-SampleTest.xml crashfile=/Users/jingwu/workspace/MapReduce-assignments/assignment2/junitvmwatcher235870833398404191.properties propsfile=/Users/jingwu/workspace/MapReduce-assignments/assignment2/junit6424189940818269503.properties"></property>
    <property name="ant.file.type.mapreduce-assignments" value="file"></property>
    <property name="socksNonProxyHosts" value="local|*.local|169.254/16|*.169.254/16"></property>
    <property name="ant.file" value="/Users/jingwu/workspace/MapReduce-assignments/assignment2/build.xml"></property>
    <property name="ivy.distrib.dir.ivy.instance" value="/Users/jingwu/workspace/MapReduce-assignments/assignment2/distrib"></property>
    <property name="ivy.checksums.ivy.instance" value="sha1,md5"></property>
    <property name="sun.arch.data.model.ivy.instance" value="64"></property>
    <property name="ivy.build.artifacts.dir.ivy.instance" value="/Users/jingwu/workspace/MapReduce-assignments/assignment2/build/artifacts"></property>
    <property name="ivy.settings.file" value="/Users/jingwu/workspace/MapReduce-assignments/assignment2/ivy/ivysettings.xml"></property>
    <property name="java.io.tmpdir" value="/var/folders/bq/x53s4gd57wl9cffydzhtwj5c0000gn/T/"></property>
    <property name="ivy.buildlist.ivyfilepath.ivy.instance" value="ivy.xml"></property>
    <property name="TODAY" value="May 21 2014"></property>
    <property name="ivy.cache.ttl.default" value="10s"></property>
    <property name="user.language" value="en"></property>
    <property name="user.dir.ivy.instance" value="/Users/jingwu/workspace/MapReduce-assignments/assignment2"></property>
    <property name="ivy.home.ivy.instance" value="/Users/jingwu/.ivy2"></property>
    <property name="line.separator" value="
"></property>
    <property name="java.specification.version.ivy.instance" value="1.7"></property>
    <property name="ant.file.type" value="file"></property>
    <property name="ivy.build.artifacts.dir" value="/Users/jingwu/workspace/MapReduce-assignments/assignment2/build/artifacts"></property>
    <property name="sun.io.unicode.encoding.ivy.instance" value="UnicodeBig"></property>
    <property name="ivy.status" value="integration"></property>
    <property name="java.vm.info" value="mixed mode"></property>
    <property name="ivy.lib.dir" value="/Users/jingwu/workspace/MapReduce-assignments/assignment2/lib"></property>
    <property name="java.vm.specification.name" value="Java Virtual Machine Specification"></property>
    <property name="version" value="0.0.1"></property>
    <property name="ivy.default.conf.dir.ivy.instance" value="jar:file:/Users/jingwu/workspace/MapReduce-assignments/assignment2/ivy/ivy.jar!/org/apache/ivy/core/settings"></property>
    <property name="java.vm.version.ivy.instance" value="24.51-b03"></property>
    <property name="ivy.install.version" value="2.2.0"></property>
    <property name="artifactId" value="mapreduce-assignment"></property>
    <property name="http.nonProxyHosts" value="local|*.local|169.254/16|*.169.254/16"></property>
    <property name="user.name.ivy.instance" value="jingwu"></property>
    <property name="ivy.cache.dir" value="/Users/jingwu/.ivy2/cache"></property>
    <property name="java.awt.printerjob" value="sun.lwawt.macosx.CPrinterJob"></property>
    <property name="java.io.tmpdir.ivy.instance" value="/var/folders/bq/x53s4gd57wl9cffydzhtwj5c0000gn/T/"></property>
    <property name="ant.version" value="Apache Ant(TM) version 1.9.4 compiled on April 29 2014"></property>
    <property name="java.home.ivy.instance" value="/Library/Java/JavaVirtualMachines/jdk1.7.0_51.jdk/Contents/Home/jre"></property>
    <property name="java.vm.vendor.ivy.instance" value="Oracle Corporation"></property>
    <property name="gopherProxySet" value="false"></property>
    <property name="ivy.default.settings.dir" value="jar:file:/Users/jingwu/workspace/MapReduce-assignments/assignment2/ivy/ivy.jar!/org/apache/ivy/core/settings"></property>
    <property name="ivy.configurations" value="*"></property>
    <property name="ivy.settings.url" value="file:/Users/jingwu/workspace/MapReduce-assignments/assignment2/ivy/ivysettings.xml"></property>
    <property name="os.name" value="Mac OS X"></property>
    <property name="java.specification.vendor" value="Oracle Corporation"></property>
    <property name="sun.jnu.encoding.ivy.instance" value="UTF-8"></property>
    <property name="ivy.deliver.ivy.pattern.ivy.instance" value="/Users/jingwu/workspace/MapReduce-assignments/assignment2/distrib/[type]s/[artifact]-[revision](-[classifier]).[ext]"></property>
    <property name="ivy.checksums" value="sha1,md5"></property>
    <property name="java.vm.name" value="Java HotSpot(TM) 64-Bit Server VM"></property>
    <property name="http.nonProxyHosts.ivy.instance" value="local|*.local|169.254/16|*.169.254/16"></property>
    <property name="ivy.jar.file" value="/Users/jingwu/workspace/MapReduce-assignments/assignment2/ivy/ivy.jar"></property>
    <property name="ivy.log.modules.in.use" value="false"></property>
    <property name="java.runtime.version.ivy.instance" value="1.7.0_51-b13"></property>
    <property name="ivy.report.output.pattern" value="[organisation]-[module]-[conf].[ext]"></property>
    <property name="ivy.version" value="2.2.0"></property>
    <property name="java.library.path" value="/Users/jingwu/workspace/MapReduce-assignments/assignment2/lib"></property>
    <property name="ivy.conf.url" value="file:/Users/jingwu/workspace/MapReduce-assignments/assignment2/ivy/ivysettings.xml"></property>
    <property name="java.vm.name.ivy.instance" value="Java HotSpot(TM) 64-Bit Server VM"></property>
    <property name="os.version.ivy.instance" value="10.9.2"></property>
    <property name="line.separator.ivy.instance" value="
"></property>
    <property name="ant.java.version" value="1.7"></property>
    <property name="sun.cpu.endian.ivy.instance" value="little"></property>
    <property name="java.vm.specification.name.ivy.instance" value="Java Virtual Machine Specification"></property>
    <property name="basedir" value="/Users/jingwu/workspace/MapReduce-assignments/assignment2"></property>
    <property name="java.class.version" value="51.0"></property>
    <property name="ivy.settings.url.ivy.instance" value="file:/Users/jingwu/workspace/MapReduce-assignments/assignment2/ivy/ivysettings.xml"></property>
    <property name="path.separator.ivy.instance" value=":"></property>
    <property name="sun.boot.class.path.ivy.instance" value="/Library/Java/JavaVirtualMachines/jdk1.7.0_51.jdk/Contents/Home/jre/lib/resources.jar:/Library/Java/JavaVirtualMachines/jdk1.7.0_51.jdk/Contents/Home/jre/lib/rt.jar:/Library/Java/JavaVirtualMachines/jdk1.7.0_51.jdk/Contents/Home/jre/lib/sunrsasign.jar:/Library/Java/JavaVirtualMachines/jdk1.7.0_51.jdk/Contents/Home/jre/lib/jsse.jar:/Library/Java/JavaVirtualMachines/jdk1.7.0_51.jdk/Contents/Home/jre/lib/jce.jar:/Library/Java/JavaVirtualMachines/jdk1.7.0_51.jdk/Contents/Home/jre/lib/charsets.jar:/Library/Java/JavaVirtualMachines/jdk1.7.0_51.jdk/Contents/Home/jre/lib/jfr.jar:/Library/Java/JavaVirtualMachines/jdk1.7.0_51.jdk/Contents/Home/jre/classes"></property>
    <property name="ant.home" value="/Users/jingwu/Software/apache-ant-1.9.4"></property>
    <property name="ivy.resolved.configurations" value="default"></property>
    <property name="ivy.deliver.ivy.pattern" value="/Users/jingwu/workspace/MapReduce-assignments/assignment2/distrib/[type]s/[artifact]-[revision](-[classifier]).[ext]"></property>
    <property name="sun.boot.library.path" value="/Library/Java/JavaVirtualMachines/jdk1.7.0_51.jdk/Contents/Home/jre/lib"></property>
    <property name="build.dir" value="build"></property>
    <property name="ivy.default.always.check.exact.revision.ivy.instance" value="false"></property>
    <property name="java.library.path.ivy.instance" value="/Developer/NVIDIA/CUDA-5.5/lib:/Users/jingwu/Library/Java/Extensions:/Library/Java/Extensions:/Network/Library/Java/Extensions:/System/Library/Java/Extensions:/usr/lib/java:."></property>
    <property name="awt.toolkit.ivy.instance" value="sun.lwawt.macosx.LWCToolkit"></property>
    <property name="ivy.basedir" value="/Users/jingwu/workspace/MapReduce-assignments/assignment2"></property>
    <property name="sun.management.compiler" value="HotSpot 64-Bit Tiered Compilers"></property>
    <property name="java.ext.dirs.ivy.instance" value="/Users/jingwu/Library/Java/Extensions:/Library/Java/JavaVirtualMachines/jdk1.7.0_51.jdk/Contents/Home/jre/lib/ext:/Library/Java/Extensions:/Network/Library/Java/Extensions:/System/Library/Java/Extensions:/usr/lib/java"></property>
    <property name="java.awt.graphicsenv" value="sun.awt.CGraphicsEnvironment"></property>
    <property name="ivy.log.modules.in.use.ivy.instance" value="false"></property>
    <property name="platform" value="unix"></property>
    <property name="sun.os.patch.level.ivy.instance" value="unknown"></property>
    <property name="file.encoding.pkg.ivy.instance" value="sun.io"></property>
    <property name="ivy.resolver.default.check.modified" value="false"></property>
    <property name="ivy.settings.file.ivy.instance" value="/Users/jingwu/workspace/MapReduce-assignments/assignment2/ivy/ivysettings.xml"></property>
    <property name="ivy.nb.targets.copied" value="0"></property>
    <property name="ant.project.name" value="mapreduce-assignments"></property>
    <property name="ivy.cache.dir.ivy.instance" value="/Users/jingwu/.ivy2/cache"></property>
    <property name="java.vm.specification.version" value="1.7"></property>
    <property name="socksNonProxyHosts.ivy.instance" value="local|*.local|169.254/16|*.169.254/16"></property>
    <property name="ivy.status.ivy.instance" value="integration"></property>
    <property name="awt.toolkit" value="sun.lwawt.macosx.LWCToolkit"></property>
    <property name="sun.cpu.isalist" value=""></property>
    <property name="file.separator.ivy.instance" value="/"></property>
    <property name="ivy.deps.changed" value="false"></property>
    <property name="java.ext.dirs" value="/Users/jingwu/Library/Java/Extensions:/Library/Java/JavaVirtualMachines/jdk1.7.0_51.jdk/Contents/Home/jre/lib/ext:/Library/Java/Extensions:/Network/Library/Java/Extensions:/System/Library/Java/Extensions:/usr/lib/java"></property>
    <property name="os.version" value="10.9.2"></property>
    <property name="user.home" value="/Users/jingwu"></property>
    <property name="org.xml.sax.driver" value="org.apache.xerces.parsers.SAXParser"></property>
    <property name="sun.java.launcher.ivy.instance" value="SUN_STANDARD"></property>
    <property name="java.vm.vendor" value="Oracle Corporation"></property>
    <property name="ivy.organisation" value="edu.umd"></property>
    <property name="user.dir" value="/Users/jingwu/workspace/MapReduce-assignments/assignment2"></property>
    <property name="ant.library.dir.ivy.instance" value="/Users/jingwu/Software/apache-ant-1.9.4/lib"></property>
    <property name="java.vm.info.ivy.instance" value="mixed mode"></property>
    <property name="test.dir" value="/Users/jingwu/workspace/MapReduce-assignments/assignment2/test"></property>
    <property name="ivy.publish.src.artifacts.pattern" value="/Users/jingwu/workspace/MapReduce-assignments/assignment2/distrib/[type]s/[artifact]-[revision](-[classifier]).[ext]"></property>
    <property name="sun.java.command.ivy.instance" value="org.apache.tools.ant.launch.Launcher -cp  test"></property>
    <property name="ivy.distrib.dir" value="/Users/jingwu/workspace/MapReduce-assignments/assignment2/distrib"></property>
    <property name="sun.cpu.endian" value="little"></property>
    <property name="ivy.revision" value="0.0.1"></property>
    <property name="user.timezone.ivy.instance" value="America/New_York"></property>
    <property name="java.vm.version" value="24.51-b03"></property>
    <property name="java.class.path" value="/Users/jingwu/workspace/MapReduce-assignments/assignment2/lib/activation-1.1.jar:/Users/jingwu/workspace/MapReduce-assignments/assignment2/lib/ant-1.6.5.jar:/Users/jingwu/workspace/MapReduce-assignments/assignment2/lib/aopalliance-1.0.jar:/Users/jingwu/workspace/MapReduce-assignments/assignment2/lib/asm-3.2.jar:/Users/jingwu/workspace/MapReduce-assignments/assignment2/lib/avro-1.3.2.jar:/Users/jingwu/workspace/MapReduce-assignments/assignment2/lib/avro-1.7.3.jar:/Users/jingwu/workspace/MapReduce-assignments/assignment2/lib/bliki-core-3.0.16.jar:/Users/jingwu/workspace/MapReduce-assignments/assignment2/lib/cglib-2.2.1-v20090111.jar:/Users/jingwu/workspace/MapReduce-assignments/assignment2/lib/cloud9-1.4.13.jar:/Users/jingwu/workspace/MapReduce-assignments/assignment2/lib/collections-generic-4.01.jar:/Users/jingwu/workspace/MapReduce-assignments/assignment2/lib/colt-1.2.0.jar:/Users/jingwu/workspace/MapReduce-assignments/assignment2/lib/commons-beanutils-1.7.0.jar:/Users/jingwu/workspace/MapReduce-assignments/assignment2/lib/commons-beanutils-core-1.8.0.jar:/Users/jingwu/workspace/MapReduce-assignments/assignment2/lib/commons-cli-1.2.jar:/Users/jingwu/workspace/MapReduce-assignments/assignment2/lib/commons-codec-1.4.jar:/Users/jingwu/workspace/MapReduce-assignments/assignment2/lib/commons-collections-3.2.1.jar:/Users/jingwu/workspace/MapReduce-assignments/assignment2/lib/commons-compress-1.0.jar:/Users/jingwu/workspace/MapReduce-assignments/assignment2/lib/commons-configuration-1.6.jar:/Users/jingwu/workspace/MapReduce-assignments/assignment2/lib/commons-daemon-1.0.3.jar:/Users/jingwu/workspace/MapReduce-assignments/assignment2/lib/commons-digester-1.8.jar:/Users/jingwu/workspace/MapReduce-assignments/assignment2/lib/commons-el-1.0.jar:/Users/jingwu/workspace/MapReduce-assignments/assignment2/lib/commons-httpclient-3.1.jar:/Users/jingwu/workspace/MapReduce-assignments/assignment2/lib/commons-io-2.1.jar:/Users/jingwu/workspace/MapReduce-assignments/assignment2/lib/commons-lang-2.6.jar:/Users/jingwu/workspace/MapReduce-assignments/assignment2/lib/commons-logging-1.1.1.jar:/Users/jingwu/workspace/MapReduce-assignments/assignment2/lib/commons-math-2.1.jar:/Users/jingwu/workspace/MapReduce-assignments/assignment2/lib/commons-net-3.1.jar:/Users/jingwu/workspace/MapReduce-assignments/assignment2/lib/concurrent-1.3.4.jar:/Users/jingwu/workspace/MapReduce-assignments/assignment2/lib/core-3.1.1.jar:/Users/jingwu/workspace/MapReduce-assignments/assignment2/lib/gson-2.2.2.jar:/Users/jingwu/workspace/MapReduce-assignments/assignment2/lib/guava-13.0.1.jar:/Users/jingwu/workspace/MapReduce-assignments/assignment2/lib/guice-3.0.jar:/Users/jingwu/workspace/MapReduce-assignments/assignment2/lib/guice-servlet-3.0.jar:/Users/jingwu/workspace/MapReduce-assignments/assignment2/lib/hadoop-annotations-2.0.0-cdh4.2.0.jar:/Users/jingwu/workspace/MapReduce-assignments/assignment2/lib/hadoop-auth-2.0.0-cdh4.2.0.jar:/Users/jingwu/workspace/MapReduce-assignments/assignment2/lib/hadoop-common-2.0.0-cdh4.2.0.jar:/Users/jingwu/workspace/MapReduce-assignments/assignment2/lib/hadoop-hdfs-2.0.0-cdh4.2.0.jar:/Users/jingwu/workspace/MapReduce-assignments/assignment2/lib/hadoop-mapreduce-client-core-2.0.0-cdh4.2.0.jar:/Users/jingwu/workspace/MapReduce-assignments/assignment2/lib/hadoop-streaming-2.0.0-cdh4.2.0.jar:/Users/jingwu/workspace/MapReduce-assignments/assignment2/lib/hadoop-yarn-api-2.0.0-cdh4.2.0.jar:/Users/jingwu/workspace/MapReduce-assignments/assignment2/lib/hadoop-yarn-common-2.0.0-cdh4.2.0.jar:/Users/jingwu/workspace/MapReduce-assignments/assignment2/lib/hadoop-yarn-server-common-2.0.0-cdh4.2.0.jar:/Users/jingwu/workspace/MapReduce-assignments/assignment2/lib/hadoop-yarn-server-nodemanager-2.0.0-cdh4.2.0.jar:/Users/jingwu/workspace/MapReduce-assignments/assignment2/lib/hadoop-yarn-server-resourcemanager-2.0.0-cdh4.2.0.jar:/Users/jingwu/workspace/MapReduce-assignments/assignment2/lib/hadoop-yarn-server-web-proxy-2.0.0-cdh4.2.0.jar:/Users/jingwu/workspace/MapReduce-assignments/assignment2/lib/hamcrest-core-1.3.jar:/Users/jingwu/workspace/MapReduce-assignments/assignment2/lib/hsqldb-1.8.0.10.jar:/Users/jingwu/workspace/MapReduce-assignments/assignment2/lib/htmlparser-1.6.jar:/Users/jingwu/workspace/MapReduce-assignments/assignment2/lib/jackson-core-asl-1.8.8.jar:/Users/jingwu/workspace/MapReduce-assignments/assignment2/lib/jackson-jaxrs-1.8.8.jar:/Users/jingwu/workspace/MapReduce-assignments/assignment2/lib/jackson-mapper-asl-1.8.8.jar:/Users/jingwu/workspace/MapReduce-assignments/assignment2/lib/jackson-xc-1.8.8.jar:/Users/jingwu/workspace/MapReduce-assignments/assignment2/lib/jasper-compiler-5.5.12.jar:/Users/jingwu/workspace/MapReduce-assignments/assignment2/lib/jasper-runtime-5.5.23.jar:/Users/jingwu/workspace/MapReduce-assignments/assignment2/lib/javax.inject-1.jar:/Users/jingwu/workspace/MapReduce-assignments/assignment2/lib/jaxb-api-2.2.2.jar:/Users/jingwu/workspace/MapReduce-assignments/assignment2/lib/jaxb-impl-2.2.3-1.jar:/Users/jingwu/workspace/MapReduce-assignments/assignment2/lib/jersey-core-1.8.jar:/Users/jingwu/workspace/MapReduce-assignments/assignment2/lib/jersey-guice-1.8.jar:/Users/jingwu/workspace/MapReduce-assignments/assignment2/lib/jersey-json-1.8.jar:/Users/jingwu/workspace/MapReduce-assignments/assignment2/lib/jersey-server-1.8.jar:/Users/jingwu/workspace/MapReduce-assignments/assignment2/lib/jersey-test-framework-grizzly2-1.8.jar:/Users/jingwu/workspace/MapReduce-assignments/assignment2/lib/jets3t-0.7.1.jar:/Users/jingwu/workspace/MapReduce-assignments/assignment2/lib/jettison-1.1.jar:/Users/jingwu/workspace/MapReduce-assignments/assignment2/lib/jetty-6.1.26.jar:/Users/jingwu/workspace/MapReduce-assignments/assignment2/lib/jetty-util-6.1.26.jar:/Users/jingwu/workspace/MapReduce-assignments/assignment2/lib/jsch-0.1.42.jar:/Users/jingwu/workspace/MapReduce-assignments/assignment2/lib/jsp-2.1-6.1.14.jar:/Users/jingwu/workspace/MapReduce-assignments/assignment2/lib/jsp-api-2.1-6.1.14.jar:/Users/jingwu/workspace/MapReduce-assignments/assignment2/lib/jsp-api-2.1.jar:/Users/jingwu/workspace/MapReduce-assignments/assignment2/lib/jung-algorithms-2.0.1.jar:/Users/jingwu/workspace/MapReduce-assignments/assignment2/lib/jung-api-2.0.1.jar:/Users/jingwu/workspace/MapReduce-assignments/assignment2/lib/jung-graph-impl-2.0.1.jar:/Users/jingwu/workspace/MapReduce-assignments/assignment2/lib/junit-4.11.jar:/Users/jingwu/workspace/MapReduce-assignments/assignment2/lib/jwnl-1.3.3.jar:/Users/jingwu/workspace/MapReduce-assignments/assignment2/lib/kfs-0.3.jar:/Users/jingwu/workspace/MapReduce-assignments/assignment2/lib/log4j-1.2.16.jar:/Users/jingwu/workspace/MapReduce-assignments/assignment2/lib/maxent-3.0.0.jar:/Users/jingwu/workspace/MapReduce-assignments/assignment2/lib/mockito-all-1.8.5.jar:/Users/jingwu/workspace/MapReduce-assignments/assignment2/lib/mrunit-0.8.0-incubating.jar:/Users/jingwu/workspace/MapReduce-assignments/assignment2/lib/netty-3.2.4.Final.jar:/Users/jingwu/workspace/MapReduce-assignments/assignment2/lib/oro-2.0.8.jar:/Users/jingwu/workspace/MapReduce-assignments/assignment2/lib/paranamer-2.3.jar:/Users/jingwu/workspace/MapReduce-assignments/assignment2/lib/paranamer-ant-2.2.jar:/Users/jingwu/workspace/MapReduce-assignments/assignment2/lib/paranamer-generator-2.2.jar:/Users/jingwu/workspace/MapReduce-assignments/assignment2/lib/pcj-1.2.jar:/Users/jingwu/workspace/MapReduce-assignments/assignment2/lib/pig-0.10.0.jar:/Users/jingwu/workspace/MapReduce-assignments/assignment2/lib/protobuf-java-2.4.0a.jar:/Users/jingwu/workspace/MapReduce-assignments/assignment2/lib/qdox-1.10.1.jar:/Users/jingwu/workspace/MapReduce-assignments/assignment2/lib/servlet-api-2.5-20081211.jar:/Users/jingwu/workspace/MapReduce-assignments/assignment2/lib/servlet-api-2.5-6.1.14.jar:/Users/jingwu/workspace/MapReduce-assignments/assignment2/lib/servlet-api-2.5.jar:/Users/jingwu/workspace/MapReduce-assignments/assignment2/lib/slf4j-api-1.6.1.jar:/Users/jingwu/workspace/MapReduce-assignments/assignment2/lib/slf4j-log4j12-1.6.1.jar:/Users/jingwu/workspace/MapReduce-assignments/assignment2/lib/snappy-java-1.0.4.1.jar:/Users/jingwu/workspace/MapReduce-assignments/assignment2/lib/stax-api-1.0.1.jar:/Users/jingwu/workspace/MapReduce-assignments/assignment2/lib/tools-1.5.0.jar:/Users/jingwu/workspace/MapReduce-assignments/assignment2/lib/xmlenc-0.52.jar:/Users/jingwu/workspace/MapReduce-assignments/assignment2/dist/mapreduce-assignment-0.0.1.jar:/Users/jingwu/Software/apache-ant-1.9.4/lib/ant-launcher.jar:/Users/jingwu/Software/apache-ant-1.9.4/lib/ant.jar:/Users/jingwu/Software/apache-ant-1.9.4/lib/ant-junit.jar:/Users/jingwu/Software/apache-ant-1.9.4/lib/ant-junit4.jar"></property>
    <property name="ivy.default.ivy.user.dir" value="/Users/jingwu/.ivy2"></property>
    <property name="user.home.ivy.instance" value="/Users/jingwu"></property>
    <property name="DSTAMP" value="20140521"></property>
    <property name="basedir.ivy.instance" value="/Users/jingwu/workspace/MapReduce-assignments/assignment2"></property>
    <property name="ant.library.dir" value="/Users/jingwu/Software/apache-ant-1.9.4/lib"></property>
    <property name="ant.file.mapreduce-assignments" value="/Users/jingwu/workspace/MapReduce-assignments/assignment2/build.xml"></property>
    <property name="os.arch" value="x86_64"></property>
    <property name="ivy.jar.dir" value="/Users/jingwu/workspace/MapReduce-assignments/assignment2/ivy"></property>
    <property name="ivy.conf.file" value="/Users/jingwu/workspace/MapReduce-assignments/assignment2/ivy/ivysettings.xml"></property>
    <property name="java.awt.graphicsenv.ivy.instance" value="sun.awt.CGraphicsEnvironment"></property>
    <property name="java.vendor.url.bug.ivy.instance" value="http://bugreport.sun.com/bugreport/"></property>
    <property name="java.vm.specification.version.ivy.instance" value="1.7"></property>
    <property name="dist.dir" value="dist"></property>
    <property name="sun.java.launcher" value="SUN_STANDARD"></property>
    <property name="java.awt.printerjob.ivy.instance" value="sun.lwawt.macosx.CPrinterJob"></property>
    <property name="ivy.settings.dir.ivy.instance" value="/Users/jingwu/workspace/MapReduce-assignments/assignment2/ivy"></property>
    <property name="ant.core.lib" value="/Users/jingwu/Software/apache-ant-1.9.4/lib/ant.jar"></property>
    <property name="ivy.resolver.default.check.modified.ivy.instance" value="false"></property>
    <property name="java.vm.specification.vendor" value="Oracle Corporation"></property>
    <property name="ivy.settings.dir" value="/Users/jingwu/workspace/MapReduce-assignments/assignment2/ivy"></property>
    <property name="gopherProxySet.ivy.instance" value="false"></property>
    <property name="TSTAMP" value="1355"></property>
    <property name="file.separator" value="/"></property>
    <property name="user.language.ivy.instance" value="en"></property>
    <property name="user.country.ivy.instance" value="US"></property>
    <property name="ivy.conf.url.ivy.instance" value="file:/Users/jingwu/workspace/MapReduce-assignments/assignment2/ivy/ivysettings.xml"></property>
    <property name="java.specification.name.ivy.instance" value="Java Platform API Specification"></property>
    <property name="java.runtime.version" value="1.7.0_51-b13"></property>
    <property name="sun.boot.class.path" value="/Library/Java/JavaVirtualMachines/jdk1.7.0_51.jdk/Contents/Home/jre/lib/resources.jar:/Library/Java/JavaVirtualMachines/jdk1.7.0_51.jdk/Contents/Home/jre/lib/rt.jar:/Library/Java/JavaVirtualMachines/jdk1.7.0_51.jdk/Contents/Home/jre/lib/sunrsasign.jar:/Library/Java/JavaVirtualMachines/jdk1.7.0_51.jdk/Contents/Home/jre/lib/jsse.jar:/Library/Java/JavaVirtualMachines/jdk1.7.0_51.jdk/Contents/Home/jre/lib/jce.jar:/Library/Java/JavaVirtualMachines/jdk1.7.0_51.jdk/Contents/Home/jre/lib/charsets.jar:/Library/Java/JavaVirtualMachines/jdk1.7.0_51.jdk/Contents/Home/jre/lib/jfr.jar:/Library/Java/JavaVirtualMachines/jdk1.7.0_51.jdk/Contents/Home/jre/classes"></property>
    <property name="ivy.conf.dir" value="/Users/jingwu/workspace/MapReduce-assignments/assignment2/ivy"></property>
    <property name="ivy.retrieve.pattern" value="/Users/jingwu/workspace/MapReduce-assignments/assignment2/lib/[artifact]-[revision](-[classifier]).[ext]"></property>
    <property name="user.country" value="US"></property>
    <property name="java.version.ivy.instance" value="1.7.0_51"></property>
    <property name="ivy.resolved.file" value="/Users/jingwu/workspace/MapReduce-assignments/assignment2/ivy/ivy.xml"></property>
    <property name="os.arch.ivy.instance" value="x86_64"></property>
    <property name="java.vendor" value="Oracle Corporation"></property>
    <property name="ivy.project.dir" value="/Users/jingwu/workspace/MapReduce-assignments/assignment2"></property>
    <property name="java.specification.version" value="1.7"></property>
    <property name="ivy.buildlist.ivyfilepath" value="ivy.xml"></property>
    <property name="sun.arch.data.model" value="64"></property>
  </properties>
  <testcase classname="SampleTest" name="test1" time="0.001"></testcase>
  <system-out><![CDATA[]]></system-out>
  <system-err><![CDATA[]]></system-err>
</testsuite>
